2026-02-25 12:27:13.167 [main] INFO  com.schedule.server.tcp.CppTcpClient - Enqueued C++ request: payload={id=1, corpus=test, start_hour=8, duration=45}, queuePosition=1
2026-02-25 12:27:13.245 [cpp-tcp-queue] INFO  com.schedule.server.tcp.CppTcpClient - Sending to C++ server localhost:51305 ó payload={id=1, corpus=test, start_hour=8, duration=45}
2026-02-25 12:27:13.259 [cpp-tcp-queue] DEBUG com.schedule.server.tcp.CppTcpClient - Sent 53 bytes to C++ server: {"duration":45,"corpus":"test","id":1,"start_hour":8}
2026-02-25 12:27:13.289 [main] INFO  com.schedule.server.tcp.CppTcpClient - Enqueued C++ request: payload={id=1, corpus=corpus, start_hour=0, duration=30}, queuePosition=1
2026-02-25 12:27:13.291 [cpp-tcp-queue] INFO  com.schedule.server.tcp.CppTcpClient - Sending to C++ server localhost:51307 ó payload={id=1, corpus=corpus, start_hour=0, duration=30}
2026-02-25 12:27:13.292 [cpp-tcp-queue] DEBUG com.schedule.server.tcp.CppTcpClient - Sent 55 bytes to C++ server: {"duration":30,"corpus":"corpus","id":1,"start_hour":0}
2026-02-25 12:27:13.294 [cpp-tcp-queue] DEBUG com.schedule.server.tcp.CppTcpClient - Received from C++ server: {"cabinet_number":"¡-1","id":1}
2026-02-25 12:27:13.316 [main] INFO  com.schedule.server.tcp.CppTcpClient - Enqueued C++ request: payload={id=100, corpus=corpus, start_hour=23, duration=120}, queuePosition=1
2026-02-25 12:27:13.316 [cpp-tcp-queue] INFO  com.schedule.server.tcp.CppTcpClient - Sending to C++ server localhost:51307 ó payload={id=100, corpus=corpus, start_hour=23, duration=120}
2026-02-25 12:27:13.324 [cpp-tcp-queue] DEBUG com.schedule.server.tcp.CppTcpClient - Sent 59 bytes to C++ server: {"duration":120,"corpus":"corpus","id":100,"start_hour":23}
2026-02-25 12:27:13.324 [cpp-tcp-queue] DEBUG com.schedule.server.tcp.CppTcpClient - Received from C++ server: {"cabinet_number":"¡-100","id":100}
2026-02-25 12:27:13.326 [main] INFO  com.schedule.server.tcp.CppTcpClient - Enqueued C++ request: payload={id=0, corpus=corpus, start_hour=12, duration=0}, queuePosition=1
2026-02-25 12:27:13.328 [cpp-tcp-queue] INFO  com.schedule.server.tcp.CppTcpClient - Sending to C++ server localhost:51307 ó payload={id=0, corpus=corpus, start_hour=12, duration=0}
2026-02-25 12:27:13.328 [cpp-tcp-queue] DEBUG com.schedule.server.tcp.CppTcpClient - Sent 55 bytes to C++ server: {"duration":0,"corpus":"corpus","id":0,"start_hour":12}
2026-02-25 12:27:13.328 [cpp-tcp-queue] DEBUG com.schedule.server.tcp.CppTcpClient - Received from C++ server: {"cabinet_number":"¡-0","id":0}
2026-02-25 12:27:13.337 [main] INFO  com.schedule.server.tcp.CppTcpClient - Enqueued C++ request: payload={id=42, corpus=main, start_hour=10, duration=90}, queuePosition=1
2026-02-25 12:27:13.339 [cpp-tcp-queue] INFO  com.schedule.server.tcp.CppTcpClient - Sending to C++ server localhost:51311 ó payload={id=42, corpus=main, start_hour=10, duration=90}
2026-02-25 12:27:13.340 [cpp-tcp-queue] DEBUG com.schedule.server.tcp.CppTcpClient - Sent 55 bytes to C++ server: {"duration":90,"corpus":"main","id":42,"start_hour":10}
2026-02-25 12:27:13.340 [cpp-tcp-queue] DEBUG com.schedule.server.tcp.CppTcpClient - Received from C++ server: {"cabinet_number":"¿-301","id":42}
2026-02-25 12:27:13.386 [main] INFO  com.schedule.server.tcp.CppTcpClient - Enqueued C++ request: payload={id=1, corpus=test, start_hour=8, duration=45}, queuePosition=1
2026-02-25 12:27:13.386 [cpp-tcp-queue] INFO  com.schedule.server.tcp.CppTcpClient - Sending to C++ server localhost:51313 ó payload={id=1, corpus=test, start_hour=8, duration=45}
2026-02-25 12:27:13.389 [cpp-tcp-queue] DEBUG com.schedule.server.tcp.CppTcpClient - Sent 53 bytes to C++ server: {"duration":45,"corpus":"test","id":1,"start_hour":8}
2026-02-25 12:27:13.396 [main] INFO  com.schedule.server.tcp.CppTcpClient - Enqueued C++ request: payload={id=1, corpus=test, start_hour=8, duration=45}, queuePosition=1
2026-02-25 12:27:13.398 [cpp-tcp-queue] INFO  com.schedule.server.tcp.CppTcpClient - Sending to C++ server localhost:51315 ó payload={id=1, corpus=test, start_hour=8, duration=45}
2026-02-25 12:27:13.406 [main] INFO  com.schedule.server.tcp.CppTcpClient - Enqueued C++ request: payload={id=1, corpus=test, start_hour=8, duration=45}, queuePosition=1
2026-02-25 12:27:13.408 [cpp-tcp-queue] INFO  com.schedule.server.tcp.CppTcpClient - Sending to C++ server localhost:51317 ó payload={id=1, corpus=test, start_hour=8, duration=45}
2026-02-25 12:27:13.408 [cpp-tcp-queue] DEBUG com.schedule.server.tcp.CppTcpClient - Sent 53 bytes to C++ server: {"duration":45,"corpus":"test","id":1,"start_hour":8}
2026-02-25 12:27:13.410 [cpp-tcp-queue] DEBUG com.schedule.server.tcp.CppTcpClient - Received from C++ server: NOT_A_JSON{{{
2026-02-25 12:28:58.365 [main] INFO  com.schedule.server.tcp.CppTcpClient - Shutting down C++ TCP queue, pending=0
2026-02-25 12:32:48.863 [main] INFO  com.schedule.server.tcp.CppTcpClient - Enqueued C++ request: payload={id=1, corpus=test, start_hour=8, duration=45}, queuePosition=1
2026-02-25 12:32:48.871 [cpp-tcp-queue] INFO  com.schedule.server.tcp.CppTcpClient - Sending to C++ server localhost:51634 ó payload={id=1, corpus=test, start_hour=8, duration=45}
2026-02-25 12:32:48.880 [cpp-tcp-queue] DEBUG com.schedule.server.tcp.CppTcpClient - Sent 53 bytes to C++ server: {"duration":45,"corpus":"test","id":1,"start_hour":8}
2026-02-25 12:32:48.902 [main] INFO  com.schedule.server.tcp.CppTcpClient - Enqueued C++ request: payload={id=1, corpus=corpus, start_hour=0, duration=30}, queuePosition=1
2026-02-25 12:32:48.903 [cpp-tcp-queue] INFO  com.schedule.server.tcp.CppTcpClient - Sending to C++ server localhost:51636 ó payload={id=1, corpus=corpus, start_hour=0, duration=30}
2026-02-25 12:32:48.905 [cpp-tcp-queue] DEBUG com.schedule.server.tcp.CppTcpClient - Sent 55 bytes to C++ server: {"duration":30,"corpus":"corpus","id":1,"start_hour":0}
2026-02-25 12:32:48.905 [cpp-tcp-queue] DEBUG com.schedule.server.tcp.CppTcpClient - Received from C++ server: {"cabinet_number":"¡-1","id":1}
2026-02-25 12:32:48.929 [main] INFO  com.schedule.server.tcp.CppTcpClient - Enqueued C++ request: payload={id=100, corpus=corpus, start_hour=23, duration=120}, queuePosition=1
2026-02-25 12:32:48.930 [cpp-tcp-queue] INFO  com.schedule.server.tcp.CppTcpClient - Sending to C++ server localhost:51636 ó payload={id=100, corpus=corpus, start_hour=23, duration=120}
2026-02-25 12:32:48.932 [cpp-tcp-queue] DEBUG com.schedule.server.tcp.CppTcpClient - Sent 59 bytes to C++ server: {"duration":120,"corpus":"corpus","id":100,"start_hour":23}
2026-02-25 12:32:48.933 [cpp-tcp-queue] DEBUG com.schedule.server.tcp.CppTcpClient - Received from C++ server: {"cabinet_number":"¡-100","id":100}
2026-02-25 12:32:48.934 [main] INFO  com.schedule.server.tcp.CppTcpClient - Enqueued C++ request: payload={id=0, corpus=corpus, start_hour=12, duration=0}, queuePosition=1
2026-02-25 12:32:48.935 [cpp-tcp-queue] INFO  com.schedule.server.tcp.CppTcpClient - Sending to C++ server localhost:51636 ó payload={id=0, corpus=corpus, start_hour=12, duration=0}
2026-02-25 12:32:48.936 [cpp-tcp-queue] DEBUG com.schedule.server.tcp.CppTcpClient - Sent 55 bytes to C++ server: {"duration":0,"corpus":"corpus","id":0,"start_hour":12}
2026-02-25 12:32:48.936 [cpp-tcp-queue] DEBUG com.schedule.server.tcp.CppTcpClient - Received from C++ server: {"cabinet_number":"¡-0","id":0}
2026-02-25 12:32:48.943 [main] INFO  com.schedule.server.tcp.CppTcpClient - Enqueued C++ request: payload={id=42, corpus=main, start_hour=10, duration=90}, queuePosition=1
2026-02-25 12:32:48.946 [cpp-tcp-queue] INFO  com.schedule.server.tcp.CppTcpClient - Sending to C++ server localhost:51640 ó payload={id=42, corpus=main, start_hour=10, duration=90}
2026-02-25 12:32:48.948 [cpp-tcp-queue] DEBUG com.schedule.server.tcp.CppTcpClient - Sent 55 bytes to C++ server: {"duration":90,"corpus":"main","id":42,"start_hour":10}
2026-02-25 12:32:48.949 [cpp-tcp-queue] DEBUG com.schedule.server.tcp.CppTcpClient - Received from C++ server: {"cabinet_number":"¿-301","id":42}
2026-02-25 12:32:48.955 [main] INFO  com.schedule.server.tcp.CppTcpClient - Enqueued C++ request: payload={id=1, corpus=test, start_hour=8, duration=45}, queuePosition=1
2026-02-25 12:32:48.957 [cpp-tcp-queue] INFO  com.schedule.server.tcp.CppTcpClient - Sending to C++ server localhost:51642 ó payload={id=1, corpus=test, start_hour=8, duration=45}
2026-02-25 12:32:48.958 [cpp-tcp-queue] DEBUG com.schedule.server.tcp.CppTcpClient - Sent 53 bytes to C++ server: {"duration":45,"corpus":"test","id":1,"start_hour":8}
2026-02-25 12:32:48.963 [main] INFO  com.schedule.server.tcp.CppTcpClient - Enqueued C++ request: payload={id=1, corpus=test, start_hour=8, duration=45}, queuePosition=1
2026-02-25 12:32:48.965 [cpp-tcp-queue] INFO  com.schedule.server.tcp.CppTcpClient - Sending to C++ server localhost:51644 ó payload={id=1, corpus=test, start_hour=8, duration=45}
2026-02-25 12:32:48.972 [main] INFO  com.schedule.server.tcp.CppTcpClient - Enqueued C++ request: payload={id=1, corpus=test, start_hour=8, duration=45}, queuePosition=1
2026-02-25 12:32:48.974 [cpp-tcp-queue] INFO  com.schedule.server.tcp.CppTcpClient - Sending to C++ server localhost:51646 ó payload={id=1, corpus=test, start_hour=8, duration=45}
2026-02-25 12:32:48.976 [cpp-tcp-queue] DEBUG com.schedule.server.tcp.CppTcpClient - Sent 53 bytes to C++ server: {"duration":45,"corpus":"test","id":1,"start_hour":8}
2026-02-25 12:32:48.976 [cpp-tcp-queue] DEBUG com.schedule.server.tcp.CppTcpClient - Received from C++ server: NOT_A_JSON{{{
2026-02-25 12:32:57.459 [main] INFO  com.schedule.server.tcp.CppTcpClient - Enqueued C++ request: payload={id=1, corpus=test, start_hour=8, duration=45}, queuePosition=1
2026-02-25 12:32:57.466 [cpp-tcp-queue] INFO  com.schedule.server.tcp.CppTcpClient - Sending to C++ server localhost:51651 ó payload={id=1, corpus=test, start_hour=8, duration=45}
2026-02-25 12:32:57.479 [cpp-tcp-queue] DEBUG com.schedule.server.tcp.CppTcpClient - Sent 53 bytes to C++ server: {"duration":45,"corpus":"test","id":1,"start_hour":8}
2026-02-25 12:32:57.496 [main] INFO  com.schedule.server.tcp.CppTcpClient - Enqueued C++ request: payload={id=1, corpus=corpus, start_hour=0, duration=30}, queuePosition=1
2026-02-25 12:32:57.503 [cpp-tcp-queue] INFO  com.schedule.server.tcp.CppTcpClient - Sending to C++ server localhost:51653 ó payload={id=1, corpus=corpus, start_hour=0, duration=30}
2026-02-25 12:32:57.504 [cpp-tcp-queue] DEBUG com.schedule.server.tcp.CppTcpClient - Sent 55 bytes to C++ server: {"duration":30,"corpus":"corpus","id":1,"start_hour":0}
2026-02-25 12:32:57.504 [cpp-tcp-queue] DEBUG com.schedule.server.tcp.CppTcpClient - Received from C++ server: {"cabinet_number":"¡-1","id":1}
2026-02-25 12:32:57.527 [main] INFO  com.schedule.server.tcp.CppTcpClient - Enqueued C++ request: payload={id=100, corpus=corpus, start_hour=23, duration=120}, queuePosition=1
2026-02-25 12:32:57.528 [cpp-tcp-queue] INFO  com.schedule.server.tcp.CppTcpClient - Sending to C++ server localhost:51653 ó payload={id=100, corpus=corpus, start_hour=23, duration=120}
2026-02-25 12:32:57.530 [cpp-tcp-queue] DEBUG com.schedule.server.tcp.CppTcpClient - Sent 59 bytes to C++ server: {"duration":120,"corpus":"corpus","id":100,"start_hour":23}
2026-02-25 12:32:57.530 [cpp-tcp-queue] DEBUG com.schedule.server.tcp.CppTcpClient - Received from C++ server: {"cabinet_number":"¡-100","id":100}
2026-02-25 12:32:57.530 [main] INFO  com.schedule.server.tcp.CppTcpClient - Enqueued C++ request: payload={id=0, corpus=corpus, start_hour=12, duration=0}, queuePosition=1
2026-02-25 12:32:57.530 [cpp-tcp-queue] INFO  com.schedule.server.tcp.CppTcpClient - Sending to C++ server localhost:51653 ó payload={id=0, corpus=corpus, start_hour=12, duration=0}
2026-02-25 12:32:57.535 [cpp-tcp-queue] DEBUG com.schedule.server.tcp.CppTcpClient - Sent 55 bytes to C++ server: {"duration":0,"corpus":"corpus","id":0,"start_hour":12}
2026-02-25 12:32:57.536 [cpp-tcp-queue] DEBUG com.schedule.server.tcp.CppTcpClient - Received from C++ server: {"cabinet_number":"¡-0","id":0}
2026-02-25 12:32:57.542 [main] INFO  com.schedule.server.tcp.CppTcpClient - Enqueued C++ request: payload={id=42, corpus=main, start_hour=10, duration=90}, queuePosition=1
2026-02-25 12:32:57.542 [cpp-tcp-queue] INFO  com.schedule.server.tcp.CppTcpClient - Sending to C++ server localhost:51657 ó payload={id=42, corpus=main, start_hour=10, duration=90}
2026-02-25 12:32:57.545 [cpp-tcp-queue] DEBUG com.schedule.server.tcp.CppTcpClient - Sent 55 bytes to C++ server: {"duration":90,"corpus":"main","id":42,"start_hour":10}
2026-02-25 12:32:57.545 [cpp-tcp-queue] DEBUG com.schedule.server.tcp.CppTcpClient - Received from C++ server: {"cabinet_number":"¿-301","id":42}
2026-02-25 12:32:57.553 [main] INFO  com.schedule.server.tcp.CppTcpClient - Enqueued C++ request: payload={id=1, corpus=test, start_hour=8, duration=45}, queuePosition=1
2026-02-25 12:32:57.553 [cpp-tcp-queue] INFO  com.schedule.server.tcp.CppTcpClient - Sending to C++ server localhost:51659 ó payload={id=1, corpus=test, start_hour=8, duration=45}
2026-02-25 12:32:57.554 [cpp-tcp-queue] DEBUG com.schedule.server.tcp.CppTcpClient - Sent 53 bytes to C++ server: {"duration":45,"corpus":"test","id":1,"start_hour":8}
2026-02-25 12:32:57.559 [main] INFO  com.schedule.server.tcp.CppTcpClient - Enqueued C++ request: payload={id=1, corpus=test, start_hour=8, duration=45}, queuePosition=1
2026-02-25 12:32:57.560 [cpp-tcp-queue] INFO  com.schedule.server.tcp.CppTcpClient - Sending to C++ server localhost:51661 ó payload={id=1, corpus=test, start_hour=8, duration=45}
2026-02-25 12:32:57.567 [main] INFO  com.schedule.server.tcp.CppTcpClient - Enqueued C++ request: payload={id=1, corpus=test, start_hour=8, duration=45}, queuePosition=1
2026-02-25 12:32:57.568 [cpp-tcp-queue] INFO  com.schedule.server.tcp.CppTcpClient - Sending to C++ server localhost:51663 ó payload={id=1, corpus=test, start_hour=8, duration=45}
2026-02-25 12:32:57.570 [cpp-tcp-queue] DEBUG com.schedule.server.tcp.CppTcpClient - Sent 53 bytes to C++ server: {"duration":45,"corpus":"test","id":1,"start_hour":8}
2026-02-25 12:32:57.570 [cpp-tcp-queue] DEBUG com.schedule.server.tcp.CppTcpClient - Received from C++ server: NOT_A_JSON{{{
2026-02-25 12:35:30.469 [main] INFO  com.schedule.server.tcp.CppTcpClient - Enqueued C++ request: payload={id=1, corpus=test, start_hour=8, duration=45}, queuePosition=1
2026-02-25 12:35:30.480 [cpp-tcp-queue] INFO  com.schedule.server.tcp.CppTcpClient - Sending to C++ server localhost:53674 ó payload={id=1, corpus=test, start_hour=8, duration=45}
2026-02-25 12:35:30.496 [cpp-tcp-queue] DEBUG com.schedule.server.tcp.CppTcpClient - Sent 53 bytes to C++ server: {"duration":45,"corpus":"test","id":1,"start_hour":8}
2026-02-25 12:35:30.516 [main] INFO  com.schedule.server.tcp.CppTcpClient - Enqueued C++ request: payload={id=1, corpus=corpus, start_hour=0, duration=30}, queuePosition=1
2026-02-25 12:35:30.517 [cpp-tcp-queue] INFO  com.schedule.server.tcp.CppTcpClient - Sending to C++ server localhost:53676 ó payload={id=1, corpus=corpus, start_hour=0, duration=30}
2026-02-25 12:35:30.520 [cpp-tcp-queue] DEBUG com.schedule.server.tcp.CppTcpClient - Sent 55 bytes to C++ server: {"duration":30,"corpus":"corpus","id":1,"start_hour":0}
2026-02-25 12:35:30.520 [cpp-tcp-queue] DEBUG com.schedule.server.tcp.CppTcpClient - Received from C++ server: {"cabinet_number":"¡-1","id":1}
2026-02-25 12:35:30.552 [main] INFO  com.schedule.server.tcp.CppTcpClient - Enqueued C++ request: payload={id=100, corpus=corpus, start_hour=23, duration=120}, queuePosition=1
2026-02-25 12:35:30.553 [cpp-tcp-queue] INFO  com.schedule.server.tcp.CppTcpClient - Sending to C++ server localhost:53676 ó payload={id=100, corpus=corpus, start_hour=23, duration=120}
2026-02-25 12:35:30.555 [cpp-tcp-queue] DEBUG com.schedule.server.tcp.CppTcpClient - Sent 59 bytes to C++ server: {"duration":120,"corpus":"corpus","id":100,"start_hour":23}
2026-02-25 12:35:30.556 [cpp-tcp-queue] DEBUG com.schedule.server.tcp.CppTcpClient - Received from C++ server: {"cabinet_number":"¡-100","id":100}
2026-02-25 12:35:30.558 [main] INFO  com.schedule.server.tcp.CppTcpClient - Enqueued C++ request: payload={id=0, corpus=corpus, start_hour=12, duration=0}, queuePosition=1
2026-02-25 12:35:30.559 [cpp-tcp-queue] INFO  com.schedule.server.tcp.CppTcpClient - Sending to C++ server localhost:53676 ó payload={id=0, corpus=corpus, start_hour=12, duration=0}
2026-02-25 12:35:30.560 [cpp-tcp-queue] DEBUG com.schedule.server.tcp.CppTcpClient - Sent 55 bytes to C++ server: {"duration":0,"corpus":"corpus","id":0,"start_hour":12}
2026-02-25 12:35:30.560 [cpp-tcp-queue] DEBUG com.schedule.server.tcp.CppTcpClient - Received from C++ server: {"cabinet_number":"¡-0","id":0}
2026-02-25 12:35:30.567 [main] INFO  com.schedule.server.tcp.CppTcpClient - Enqueued C++ request: payload={id=42, corpus=main, start_hour=10, duration=90}, queuePosition=1
2026-02-25 12:35:30.568 [cpp-tcp-queue] INFO  com.schedule.server.tcp.CppTcpClient - Sending to C++ server localhost:53680 ó payload={id=42, corpus=main, start_hour=10, duration=90}
2026-02-25 12:35:30.570 [cpp-tcp-queue] DEBUG com.schedule.server.tcp.CppTcpClient - Sent 55 bytes to C++ server: {"duration":90,"corpus":"main","id":42,"start_hour":10}
2026-02-25 12:35:30.571 [cpp-tcp-queue] DEBUG com.schedule.server.tcp.CppTcpClient - Received from C++ server: {"cabinet_number":"¿-301","id":42}
2026-02-25 12:35:30.580 [main] INFO  com.schedule.server.tcp.CppTcpClient - Enqueued C++ request: payload={id=1, corpus=test, start_hour=8, duration=45}, queuePosition=1
2026-02-25 12:35:30.580 [cpp-tcp-queue] INFO  com.schedule.server.tcp.CppTcpClient - Sending to C++ server localhost:53682 ó payload={id=1, corpus=test, start_hour=8, duration=45}
2026-02-25 12:35:30.583 [cpp-tcp-queue] DEBUG com.schedule.server.tcp.CppTcpClient - Sent 53 bytes to C++ server: {"duration":45,"corpus":"test","id":1,"start_hour":8}
2026-02-25 12:35:30.589 [main] INFO  com.schedule.server.tcp.CppTcpClient - Enqueued C++ request: payload={id=1, corpus=test, start_hour=8, duration=45}, queuePosition=1
2026-02-25 12:35:30.591 [cpp-tcp-queue] INFO  com.schedule.server.tcp.CppTcpClient - Sending to C++ server localhost:53684 ó payload={id=1, corpus=test, start_hour=8, duration=45}
2026-02-25 12:35:30.597 [main] INFO  com.schedule.server.tcp.CppTcpClient - Enqueued C++ request: payload={id=1, corpus=test, start_hour=8, duration=45}, queuePosition=1
2026-02-25 12:35:30.598 [cpp-tcp-queue] INFO  com.schedule.server.tcp.CppTcpClient - Sending to C++ server localhost:53686 ó payload={id=1, corpus=test, start_hour=8, duration=45}
2026-02-25 12:35:30.600 [cpp-tcp-queue] DEBUG com.schedule.server.tcp.CppTcpClient - Sent 53 bytes to C++ server: {"duration":45,"corpus":"test","id":1,"start_hour":8}
2026-02-25 12:35:30.600 [cpp-tcp-queue] DEBUG com.schedule.server.tcp.CppTcpClient - Received from C++ server: NOT_A_JSON{{{
2026-02-25 12:35:30.603 [cpp-tcp-queue] WARN  com.schedule.server.tcp.CppTcpClient - Invalid JSON received from C++ server: Unrecognized token 'NOT_A_JSON': was expecting (JSON String, Number, Array, Object or token 'null', 'true' or 'false')
 at [Source: (String)"NOT_A_JSON{{{"; line: 1, column: 11]
2026-02-25 12:38:51.853 [main] INFO  com.schedule.server.tcp.CppTcpClient - Enqueued C++ request: payload={id=1, corpus=test, start_hour=8, duration=45}, queuePosition=1
2026-02-25 12:38:51.862 [cpp-tcp-queue] INFO  com.schedule.server.tcp.CppTcpClient - Sending to C++ server localhost:58143 ó payload={id=1, corpus=test, start_hour=8, duration=45}
2026-02-25 12:38:51.874 [cpp-tcp-queue] DEBUG com.schedule.server.tcp.CppTcpClient - Sent 53 bytes to C++ server: {"duration":45,"corpus":"test","id":1,"start_hour":8}
2026-02-25 12:38:51.920 [main] INFO  com.schedule.server.tcp.CppTcpClient - Enqueued C++ request: payload={id=1, corpus=corpus, start_hour=0, duration=30}, queuePosition=1
2026-02-25 12:38:51.920 [cpp-tcp-queue] INFO  com.schedule.server.tcp.CppTcpClient - Sending to C++ server localhost:58145 ó payload={id=1, corpus=corpus, start_hour=0, duration=30}
2026-02-25 12:38:51.920 [cpp-tcp-queue] DEBUG com.schedule.server.tcp.CppTcpClient - Sent 55 bytes to C++ server: {"duration":30,"corpus":"corpus","id":1,"start_hour":0}
2026-02-25 12:38:51.920 [cpp-tcp-queue] DEBUG com.schedule.server.tcp.CppTcpClient - Received from C++ server: {"cabinet_number":"¡-1","id":1}
2026-02-25 12:38:51.942 [main] INFO  com.schedule.server.tcp.CppTcpClient - Enqueued C++ request: payload={id=100, corpus=corpus, start_hour=23, duration=120}, queuePosition=1
2026-02-25 12:38:51.942 [cpp-tcp-queue] INFO  com.schedule.server.tcp.CppTcpClient - Sending to C++ server localhost:58145 ó payload={id=100, corpus=corpus, start_hour=23, duration=120}
2026-02-25 12:38:51.942 [cpp-tcp-queue] DEBUG com.schedule.server.tcp.CppTcpClient - Sent 59 bytes to C++ server: {"duration":120,"corpus":"corpus","id":100,"start_hour":23}
2026-02-25 12:38:51.942 [cpp-tcp-queue] DEBUG com.schedule.server.tcp.CppTcpClient - Received from C++ server: {"cabinet_number":"¡-100","id":100}
2026-02-25 12:38:51.942 [main] INFO  com.schedule.server.tcp.CppTcpClient - Enqueued C++ request: payload={id=0, corpus=corpus, start_hour=12, duration=0}, queuePosition=1
2026-02-25 12:38:51.950 [cpp-tcp-queue] INFO  com.schedule.server.tcp.CppTcpClient - Sending to C++ server localhost:58145 ó payload={id=0, corpus=corpus, start_hour=12, duration=0}
2026-02-25 12:38:51.952 [cpp-tcp-queue] DEBUG com.schedule.server.tcp.CppTcpClient - Sent 55 bytes to C++ server: {"duration":0,"corpus":"corpus","id":0,"start_hour":12}
2026-02-25 12:38:51.953 [cpp-tcp-queue] DEBUG com.schedule.server.tcp.CppTcpClient - Received from C++ server: {"cabinet_number":"¡-0","id":0}
2026-02-25 12:38:51.960 [main] INFO  com.schedule.server.tcp.CppTcpClient - Enqueued C++ request: payload={id=42, corpus=main, start_hour=10, duration=90}, queuePosition=1
2026-02-25 12:38:51.961 [cpp-tcp-queue] INFO  com.schedule.server.tcp.CppTcpClient - Sending to C++ server localhost:58149 ó payload={id=42, corpus=main, start_hour=10, duration=90}
2026-02-25 12:38:51.961 [cpp-tcp-queue] DEBUG com.schedule.server.tcp.CppTcpClient - Sent 55 bytes to C++ server: {"duration":90,"corpus":"main","id":42,"start_hour":10}
2026-02-25 12:38:51.961 [cpp-tcp-queue] DEBUG com.schedule.server.tcp.CppTcpClient - Received from C++ server: {"cabinet_number":"¿-301","id":42}
2026-02-25 12:38:51.968 [main] INFO  com.schedule.server.tcp.CppTcpClient - Enqueued C++ request: payload={id=1, corpus=test, start_hour=8, duration=45}, queuePosition=1
2026-02-25 12:38:51.969 [cpp-tcp-queue] INFO  com.schedule.server.tcp.CppTcpClient - Sending to C++ server localhost:58151 ó payload={id=1, corpus=test, start_hour=8, duration=45}
2026-02-25 12:38:51.973 [cpp-tcp-queue] DEBUG com.schedule.server.tcp.CppTcpClient - Sent 53 bytes to C++ server: {"duration":45,"corpus":"test","id":1,"start_hour":8}
2026-02-25 12:38:51.978 [main] INFO  com.schedule.server.tcp.CppTcpClient - Enqueued C++ request: payload={id=1, corpus=test, start_hour=8, duration=45}, queuePosition=1
2026-02-25 12:38:51.979 [cpp-tcp-queue] INFO  com.schedule.server.tcp.CppTcpClient - Sending to C++ server localhost:58153 ó payload={id=1, corpus=test, start_hour=8, duration=45}
2026-02-25 12:38:51.984 [main] INFO  com.schedule.server.tcp.CppTcpClient - Enqueued C++ request: payload={id=1, corpus=test, start_hour=8, duration=45}, queuePosition=1
2026-02-25 12:38:51.985 [cpp-tcp-queue] INFO  com.schedule.server.tcp.CppTcpClient - Sending to C++ server localhost:58155 ó payload={id=1, corpus=test, start_hour=8, duration=45}
2026-02-25 12:38:51.988 [cpp-tcp-queue] DEBUG com.schedule.server.tcp.CppTcpClient - Sent 53 bytes to C++ server: {"duration":45,"corpus":"test","id":1,"start_hour":8}
2026-02-25 12:38:51.988 [cpp-tcp-queue] DEBUG com.schedule.server.tcp.CppTcpClient - Received from C++ server: NOT_A_JSON{{{
2026-02-25 12:38:51.991 [cpp-tcp-queue] WARN  com.schedule.server.tcp.CppTcpClient - Invalid JSON received from C++ server: Unrecognized token 'NOT_A_JSON': was expecting (JSON String, Number, Array, Object or token 'null', 'true' or 'false')
 at [Source: (String)"NOT_A_JSON{{{"; line: 1, column: 11]
2026-02-25 12:39:12.734 [main] INFO  com.schedule.server.tcp.CppTcpClient - Enqueued C++ request: payload={id=1, corpus=test, start_hour=8, duration=45}, queuePosition=1
2026-02-25 12:39:12.744 [cpp-tcp-queue] INFO  com.schedule.server.tcp.CppTcpClient - Sending to C++ server localhost:58172 ó payload={id=1, corpus=test, start_hour=8, duration=45}
2026-02-25 12:39:12.757 [cpp-tcp-queue] DEBUG com.schedule.server.tcp.CppTcpClient - Sent 53 bytes to C++ server: {"duration":45,"corpus":"test","id":1,"start_hour":8}
2026-02-25 12:39:12.757 [cpp-tcp-queue] DEBUG com.schedule.server.tcp.CppTcpClient - Received from C++ server: NOT_A_JSON{{{
2026-02-25 12:39:12.769 [cpp-tcp-queue] WARN  com.schedule.server.tcp.CppTcpClient - Invalid JSON received from C++ server: Unrecognized token 'NOT_A_JSON': was expecting (JSON String, Number, Array, Object or token 'null', 'true' or 'false')
 at [Source: (String)"NOT_A_JSON{{{"; line: 1, column: 11]
2026-02-25 12:40:07.302 [main] INFO  com.schedule.server.tcp.CppTcpClient - Enqueued C++ request: payload={id=1, corpus=test, start_hour=8, duration=45}, queuePosition=1
2026-02-25 12:40:07.309 [cpp-tcp-queue] INFO  com.schedule.server.tcp.CppTcpClient - Sending to C++ server localhost:58222 ‚Äî payload={id=1, corpus=test, start_hour=8, duration=45}
2026-02-25 12:40:07.309 [cpp-tcp-queue] DEBUG com.schedule.server.tcp.CppTcpClient - Sent 53 bytes to C++ server: {"duration":45,"corpus":"test","id":1,"start_hour":8}
2026-02-25 12:40:07.345 [main] INFO  com.schedule.server.tcp.CppTcpClient - Enqueued C++ request: payload={id=1, corpus=corpus, start_hour=0, duration=30}, queuePosition=1
2026-02-25 12:40:07.348 [cpp-tcp-queue] INFO  com.schedule.server.tcp.CppTcpClient - Sending to C++ server localhost:58224 ‚Äî payload={id=1, corpus=corpus, start_hour=0, duration=30}
2026-02-25 12:40:07.348 [cpp-tcp-queue] DEBUG com.schedule.server.tcp.CppTcpClient - Sent 55 bytes to C++ server: {"duration":30,"corpus":"corpus","id":1,"start_hour":0}
2026-02-25 12:40:07.348 [cpp-tcp-queue] DEBUG com.schedule.server.tcp.CppTcpClient - Received from C++ server: {"cabinet_number":"–ë-1","id":1}
2026-02-25 12:40:07.370 [main] INFO  com.schedule.server.tcp.CppTcpClient - Enqueued C++ request: payload={id=100, corpus=corpus, start_hour=23, duration=120}, queuePosition=1
2026-02-25 12:40:07.370 [cpp-tcp-queue] INFO  com.schedule.server.tcp.CppTcpClient - Sending to C++ server localhost:58224 ‚Äî payload={id=100, corpus=corpus, start_hour=23, duration=120}
2026-02-25 12:40:07.370 [cpp-tcp-queue] DEBUG com.schedule.server.tcp.CppTcpClient - Sent 59 bytes to C++ server: {"duration":120,"corpus":"corpus","id":100,"start_hour":23}
2026-02-25 12:40:07.370 [cpp-tcp-queue] DEBUG com.schedule.server.tcp.CppTcpClient - Received from C++ server: {"cabinet_number":"–ë-100","id":100}
2026-02-25 12:40:07.370 [main] INFO  com.schedule.server.tcp.CppTcpClient - Enqueued C++ request: payload={id=0, corpus=corpus, start_hour=12, duration=0}, queuePosition=1
2026-02-25 12:40:07.370 [cpp-tcp-queue] INFO  com.schedule.server.tcp.CppTcpClient - Sending to C++ server localhost:58224 ‚Äî payload={id=0, corpus=corpus, start_hour=12, duration=0}
2026-02-25 12:40:07.370 [cpp-tcp-queue] DEBUG com.schedule.server.tcp.CppTcpClient - Sent 55 bytes to C++ server: {"duration":0,"corpus":"corpus","id":0,"start_hour":12}
2026-02-25 12:40:07.370 [cpp-tcp-queue] DEBUG com.schedule.server.tcp.CppTcpClient - Received from C++ server: {"cabinet_number":"–ë-0","id":0}
2026-02-25 12:40:07.383 [main] INFO  com.schedule.server.tcp.CppTcpClient - Enqueued C++ request: payload={id=42, corpus=main, start_hour=10, duration=90}, queuePosition=1
2026-02-25 12:40:07.385 [cpp-tcp-queue] INFO  com.schedule.server.tcp.CppTcpClient - Sending to C++ server localhost:58228 ‚Äî payload={id=42, corpus=main, start_hour=10, duration=90}
2026-02-25 12:40:07.386 [cpp-tcp-queue] DEBUG com.schedule.server.tcp.CppTcpClient - Sent 55 bytes to C++ server: {"duration":90,"corpus":"main","id":42,"start_hour":10}
2026-02-25 12:40:07.386 [cpp-tcp-queue] DEBUG com.schedule.server.tcp.CppTcpClient - Received from C++ server: {"cabinet_number":"–ê-301","id":42}
2026-02-25 12:40:07.395 [main] INFO  com.schedule.server.tcp.CppTcpClient - Enqueued C++ request: payload={id=1, corpus=test, start_hour=8, duration=45}, queuePosition=1
2026-02-25 12:40:07.396 [cpp-tcp-queue] INFO  com.schedule.server.tcp.CppTcpClient - Sending to C++ server localhost:58230 ‚Äî payload={id=1, corpus=test, start_hour=8, duration=45}
2026-02-25 12:40:07.398 [cpp-tcp-queue] DEBUG com.schedule.server.tcp.CppTcpClient - Sent 53 bytes to C++ server: {"duration":45,"corpus":"test","id":1,"start_hour":8}
2026-02-25 12:40:07.405 [main] INFO  com.schedule.server.tcp.CppTcpClient - Enqueued C++ request: payload={id=1, corpus=test, start_hour=8, duration=45}, queuePosition=1
2026-02-25 12:40:07.407 [cpp-tcp-queue] INFO  com.schedule.server.tcp.CppTcpClient - Sending to C++ server localhost:58232 ‚Äî payload={id=1, corpus=test, start_hour=8, duration=45}
2026-02-25 12:40:07.415 [main] INFO  com.schedule.server.tcp.CppTcpClient - Enqueued C++ request: payload={id=1, corpus=test, start_hour=8, duration=45}, queuePosition=1
2026-02-25 12:40:07.417 [cpp-tcp-queue] INFO  com.schedule.server.tcp.CppTcpClient - Sending to C++ server localhost:58234 ‚Äî payload={id=1, corpus=test, start_hour=8, duration=45}
2026-02-25 12:40:07.417 [cpp-tcp-queue] DEBUG com.schedule.server.tcp.CppTcpClient - Sent 53 bytes to C++ server: {"duration":45,"corpus":"test","id":1,"start_hour":8}
2026-02-25 12:40:07.417 [cpp-tcp-queue] DEBUG com.schedule.server.tcp.CppTcpClient - Received from C++ server: NOT_A_JSON{{{
2026-02-25 12:40:07.417 [cpp-tcp-queue] WARN  com.schedule.server.tcp.CppTcpClient - Invalid JSON received from C++ server: Unrecognized token 'NOT_A_JSON': was expecting (JSON String, Number, Array, Object or token 'null', 'true' or 'false')
 at [Source: (String)"NOT_A_JSON{{{"; line: 1, column: 11]
2026-02-25 12:40:32.624 [SpringApplicationShutdownHook] INFO  com.schedule.server.tcp.CppTcpClient - Shutting down C++ TCP queue, pending=0
2026-02-25 12:51:45.339 [main] INFO  com.schedule.server.tcp.CppTcpClient - Enqueued C++ request: payload={id=1, corpus=test, start_hour=8, duration=45}, queuePosition=1
2026-02-25 12:51:45.339 [cpp-tcp-queue] INFO  com.schedule.server.tcp.CppTcpClient - Sending to C++ server localhost:63297 ó payload={id=1, corpus=test, start_hour=8, duration=45}
2026-02-25 12:51:45.359 [cpp-tcp-queue] DEBUG com.schedule.server.tcp.CppTcpClient - Sent 53 bytes to C++ server: {"duration":45,"corpus":"test","id":1,"start_hour":8}
2026-02-25 12:51:45.380 [main] INFO  com.schedule.server.tcp.CppTcpClient - Enqueued C++ request: payload={id=1, corpus=corpus, start_hour=0, duration=30}, queuePosition=1
2026-02-25 12:51:45.380 [cpp-tcp-queue] INFO  com.schedule.server.tcp.CppTcpClient - Sending to C++ server localhost:63301 ó payload={id=1, corpus=corpus, start_hour=0, duration=30}
2026-02-25 12:51:45.386 [cpp-tcp-queue] DEBUG com.schedule.server.tcp.CppTcpClient - Sent 55 bytes to C++ server: {"duration":30,"corpus":"corpus","id":1,"start_hour":0}
2026-02-25 12:51:45.388 [cpp-tcp-queue] DEBUG com.schedule.server.tcp.CppTcpClient - Received from C++ server: {"cabinet_number":"¡-1","id":1}
2026-02-25 12:51:45.407 [main] INFO  com.schedule.server.tcp.CppTcpClient - Enqueued C++ request: payload={id=100, corpus=corpus, start_hour=23, duration=120}, queuePosition=1
2026-02-25 12:51:45.407 [cpp-tcp-queue] INFO  com.schedule.server.tcp.CppTcpClient - Sending to C++ server localhost:63301 ó payload={id=100, corpus=corpus, start_hour=23, duration=120}
2026-02-25 12:51:45.407 [cpp-tcp-queue] DEBUG com.schedule.server.tcp.CppTcpClient - Sent 59 bytes to C++ server: {"duration":120,"corpus":"corpus","id":100,"start_hour":23}
2026-02-25 12:51:45.407 [cpp-tcp-queue] DEBUG com.schedule.server.tcp.CppTcpClient - Received from C++ server: {"cabinet_number":"¡-100","id":100}
2026-02-25 12:51:45.407 [main] INFO  com.schedule.server.tcp.CppTcpClient - Enqueued C++ request: payload={id=0, corpus=corpus, start_hour=12, duration=0}, queuePosition=1
2026-02-25 12:51:45.407 [cpp-tcp-queue] INFO  com.schedule.server.tcp.CppTcpClient - Sending to C++ server localhost:63301 ó payload={id=0, corpus=corpus, start_hour=12, duration=0}
2026-02-25 12:51:45.407 [cpp-tcp-queue] DEBUG com.schedule.server.tcp.CppTcpClient - Sent 55 bytes to C++ server: {"duration":0,"corpus":"corpus","id":0,"start_hour":12}
2026-02-25 12:51:45.407 [cpp-tcp-queue] DEBUG com.schedule.server.tcp.CppTcpClient - Received from C++ server: {"cabinet_number":"¡-0","id":0}
2026-02-25 12:51:45.423 [main] INFO  com.schedule.server.tcp.CppTcpClient - Enqueued C++ request: payload={id=42, corpus=main, start_hour=10, duration=90}, queuePosition=1
2026-02-25 12:51:45.424 [cpp-tcp-queue] INFO  com.schedule.server.tcp.CppTcpClient - Sending to C++ server localhost:63305 ó payload={id=42, corpus=main, start_hour=10, duration=90}
2026-02-25 12:51:45.426 [cpp-tcp-queue] DEBUG com.schedule.server.tcp.CppTcpClient - Sent 55 bytes to C++ server: {"duration":90,"corpus":"main","id":42,"start_hour":10}
2026-02-25 12:51:45.427 [cpp-tcp-queue] DEBUG com.schedule.server.tcp.CppTcpClient - Received from C++ server: {"cabinet_number":"¿-301","id":42}
2026-02-25 12:51:45.432 [main] INFO  com.schedule.server.tcp.CppTcpClient - Enqueued C++ request: payload={id=1, corpus=test, start_hour=8, duration=45}, queuePosition=1
2026-02-25 12:51:45.433 [cpp-tcp-queue] INFO  com.schedule.server.tcp.CppTcpClient - Sending to C++ server localhost:63307 ó payload={id=1, corpus=test, start_hour=8, duration=45}
2026-02-25 12:51:45.435 [cpp-tcp-queue] DEBUG com.schedule.server.tcp.CppTcpClient - Sent 53 bytes to C++ server: {"duration":45,"corpus":"test","id":1,"start_hour":8}
2026-02-25 12:51:45.440 [main] INFO  com.schedule.server.tcp.CppTcpClient - Enqueued C++ request: payload={id=1, corpus=test, start_hour=8, duration=45}, queuePosition=1
2026-02-25 12:51:45.441 [cpp-tcp-queue] INFO  com.schedule.server.tcp.CppTcpClient - Sending to C++ server localhost:63309 ó payload={id=1, corpus=test, start_hour=8, duration=45}
2026-02-25 12:51:45.446 [main] INFO  com.schedule.server.tcp.CppTcpClient - Enqueued C++ request: payload={id=1, corpus=test, start_hour=8, duration=45}, queuePosition=1
2026-02-25 12:51:45.446 [cpp-tcp-queue] INFO  com.schedule.server.tcp.CppTcpClient - Sending to C++ server localhost:63311 ó payload={id=1, corpus=test, start_hour=8, duration=45}
2026-02-25 12:51:45.446 [cpp-tcp-queue] DEBUG com.schedule.server.tcp.CppTcpClient - Sent 53 bytes to C++ server: {"duration":45,"corpus":"test","id":1,"start_hour":8}
2026-02-25 12:51:45.446 [cpp-tcp-queue] DEBUG com.schedule.server.tcp.CppTcpClient - Received from C++ server: NOT_A_JSON{{{
2026-02-25 12:51:45.446 [cpp-tcp-queue] WARN  com.schedule.server.tcp.CppTcpClient - Invalid JSON received from C++ server: Unrecognized token 'NOT_A_JSON': was expecting (JSON String, Number, Array, Object or token 'null', 'true' or 'false')
 at [Source: (String)"NOT_A_JSON{{{"; line: 1, column: 11]
2026-02-25 12:51:56.167 [SpringApplicationShutdownHook] INFO  com.schedule.server.tcp.CppTcpClient - Shutting down C++ TCP queue, pending=0
2026-02-25 12:59:26.058 [SpringApplicationShutdownHook] INFO  com.schedule.server.tcp.CppTcpClient - Shutting down C++ TCP queue, pending=0
2026-02-25 13:35:31.196 [SpringApplicationShutdownHook] INFO  com.schedule.server.tcp.CppTcpClient - Shutting down C++ TCP queue, pending=0
2026-02-25 13:47:31.644 [SpringApplicationShutdownHook] INFO  com.schedule.server.tcp.CppTcpClient - Shutting down C++ TCP queue, pending=0
2026-02-25 13:50:38.878 [SpringApplicationShutdownHook] INFO  com.schedule.server.tcp.CppTcpClient - Shutting down C++ TCP queue, pending=0
